<?xml version="1.0" encoding="UTF-8"?>
<!-- Generated by org.testng.reporters.JUnitReportReporter -->
<testsuite skipped="2" hostname="Admin-PC" name="test.PlaceOrderTest" tests="3" failures="0" timestamp="2021-06-29T13:02:50 IST" time="606.999" errors="1">
  <testcase name="before" time="606.999" classname="test.PlaceOrderTest">
    <error type="org.openqa.selenium.SessionNotCreatedException" message="session not created
from timeout: Timed out receiving message from renderer: 600.000
  (Session info: chrome=91.0.4472.124)
Build info: version: &#039;3.8.1&#039;, revision: &#039;6e95a6684b&#039;, time: &#039;2017-12-01T18:33:54.468Z&#039;
System info: host: &#039;ADMIN-PC&#039;, ip: &#039;192.168.42.87&#039;, os.name: &#039;Windows 7&#039;, os.arch: &#039;amd64&#039;, os.version: &#039;6.1&#039;, java.version: &#039;1.8.0_201&#039;
Driver info: driver.version: ChromeDriver
remote stacktrace: Backtrace:
	Ordinal0 [0x00A72DB3+2502067]
	Ordinal0 [0x00A0C5B1+2082225]
	Ordinal0 [0x00912498+1057944]
	Ordinal0 [0x00904D2F+1002799]
	Ordinal0 [0x00903D69+998761]
	Ordinal0 [0x00904026+999462]
	Ordinal0 [0x00903915+997653]
	Ordinal0 [0x008FF4F4+980212]
	Ordinal0 [0x009038D1+997585]
	Ordinal0 [0x00903670+996976]
	Ordinal0 [0x00903409+996361]
	Ordinal0 [0x009136A0+1062560]
	Ordinal0 [0x0095AA59+1354329]
	Ordinal0 [0x0095967A+1349242]
	Ordinal0 [0x00955BEB+1334251]
	Ordinal0 [0x00932174+1188212]
	Ordinal0 [0x00933009+1191945]
	GetHandleVerifier [0x00BEEC5C+1511084]
	GetHandleVerifier [0x00C98522+2205554]
	GetHandleVerifier [0x00AF3393+480739]
	GetHandleVerifier [0x00AF2579+477129]
	Ordinal0 [0x00A11E5D+2104925]
	Ordinal0 [0x00A163F8+2122744]
	Ordinal0 [0x00A16537+2123063]
	Ordinal0 [0x00A1EE53+2158163]
	BaseThreadInitThunk [0x7554337A+18]
	RtlInitializeExceptionChain [0x77809882+99]
	RtlInitializeExceptionChain [0x77809855+54]
">
      <![CDATA[org.openqa.selenium.SessionNotCreatedException: session not created
from timeout: Timed out receiving message from renderer: 600.000
  (Session info: chrome=91.0.4472.124)
Build info: version: '3.8.1', revision: '6e95a6684b', time: '2017-12-01T18:33:54.468Z'
System info: host: 'ADMIN-PC', ip: '192.168.42.87', os.name: 'Windows 7', os.arch: 'amd64', os.version: '6.1', java.version: '1.8.0_201'
Driver info: driver.version: ChromeDriver
remote stacktrace: Backtrace:
Ordinal0 [0x00A72DB3+2502067]
Ordinal0 [0x00A0C5B1+2082225]
Ordinal0 [0x00912498+1057944]
Ordinal0 [0x00904D2F+1002799]
Ordinal0 [0x00903D69+998761]
Ordinal0 [0x00904026+999462]
Ordinal0 [0x00903915+997653]
Ordinal0 [0x008FF4F4+980212]
Ordinal0 [0x009038D1+997585]
Ordinal0 [0x00903670+996976]
Ordinal0 [0x00903409+996361]
Ordinal0 [0x009136A0+1062560]
Ordinal0 [0x0095AA59+1354329]
Ordinal0 [0x0095967A+1349242]
Ordinal0 [0x00955BEB+1334251]
Ordinal0 [0x00932174+1188212]
Ordinal0 [0x00933009+1191945]
GetHandleVerifier [0x00BEEC5C+1511084]
GetHandleVerifier [0x00C98522+2205554]
GetHandleVerifier [0x00AF3393+480739]
GetHandleVerifier [0x00AF2579+477129]
Ordinal0 [0x00A11E5D+2104925]
Ordinal0 [0x00A163F8+2122744]
Ordinal0 [0x00A16537+2123063]
Ordinal0 [0x00A1EE53+2158163]
BaseThreadInitThunk [0x7554337A+18]
RtlInitializeExceptionChain [0x77809882+99]
RtlInitializeExceptionChain [0x77809855+54]

at sun.reflect.NativeConstructorAccessorImpl.newInstance0(Native Method)
at sun.reflect.NativeConstructorAccessorImpl.newInstance(NativeConstructorAccessorImpl.java:62)
at sun.reflect.DelegatingConstructorAccessorImpl.newInstance(DelegatingConstructorAccessorImpl.java:45)
at java.lang.reflect.Constructor.newInstance(Constructor.java:423)
at org.openqa.selenium.remote.W3CHandshakeResponse.lambda$new$0(W3CHandshakeResponse.java:57)
at org.openqa.selenium.remote.W3CHandshakeResponse.lambda$getResponseFunction$2(W3CHandshakeResponse.java:104)
at org.openqa.selenium.remote.ProtocolHandshake.lambda$createSession$0(ProtocolHandshake.java:123)
at java.util.stream.ReferencePipeline$3$1.accept(ReferencePipeline.java:193)
at java.util.Spliterators$ArraySpliterator.tryAdvance(Spliterators.java:958)
at java.util.stream.ReferencePipeline.forEachWithCancel(ReferencePipeline.java:126)
at java.util.stream.AbstractPipeline.copyIntoWithCancel(AbstractPipeline.java:498)
at java.util.stream.AbstractPipeline.copyInto(AbstractPipeline.java:485)
at java.util.stream.AbstractPipeline.wrapAndCopyInto(AbstractPipeline.java:471)
at java.util.stream.FindOps$FindOp.evaluateSequential(FindOps.java:152)
at java.util.stream.AbstractPipeline.evaluate(AbstractPipeline.java:234)
at java.util.stream.ReferencePipeline.findFirst(ReferencePipeline.java:464)
at org.openqa.selenium.remote.ProtocolHandshake.createSession(ProtocolHandshake.java:126)
at org.openqa.selenium.remote.ProtocolHandshake.createSession(ProtocolHandshake.java:73)
at org.openqa.selenium.remote.HttpCommandExecutor.execute(HttpCommandExecutor.java:142)
at org.openqa.selenium.remote.service.DriverCommandExecutor.execute(DriverCommandExecutor.java:83)
at org.openqa.selenium.remote.RemoteWebDriver.execute(RemoteWebDriver.java:601)
at org.openqa.selenium.remote.RemoteWebDriver.startSession(RemoteWebDriver.java:219)
at org.openqa.selenium.remote.RemoteWebDriver.<init>(RemoteWebDriver.java:142)
at org.openqa.selenium.chrome.ChromeDriver.<init>(ChromeDriver.java:181)
at org.openqa.selenium.chrome.ChromeDriver.<init>(ChromeDriver.java:168)
at org.openqa.selenium.chrome.ChromeDriver.<init>(ChromeDriver.java:123)
at testBase.Base.start(Base.java:29)
at test.PlaceOrderTest.before(PlaceOrderTest.java:30)
at sun.reflect.NativeMethodAccessorImpl.invoke0(Native Method)
at sun.reflect.NativeMethodAccessorImpl.invoke(NativeMethodAccessorImpl.java:62)
at sun.reflect.DelegatingMethodAccessorImpl.invoke(DelegatingMethodAccessorImpl.java:43)
at java.lang.reflect.Method.invoke(Method.java:498)
at org.testng.internal.MethodInvocationHelper.invokeMethod(MethodInvocationHelper.java:133)
at org.testng.internal.MethodInvocationHelper.invokeMethodConsideringTimeout(MethodInvocationHelper.java:62)
at org.testng.internal.ConfigInvoker.invokeConfigurationMethod(ConfigInvoker.java:385)
at org.testng.internal.ConfigInvoker.invokeConfigurations(ConfigInvoker.java:321)
at org.testng.TestRunner.invokeTestConfigurations(TestRunner.java:637)
at org.testng.TestRunner.beforeRun(TestRunner.java:627)
at org.testng.TestRunner.run(TestRunner.java:589)
at org.testng.SuiteRunner.runTest(SuiteRunner.java:377)
at org.testng.SuiteRunner.runSequentially(SuiteRunner.java:371)
at org.testng.SuiteRunner.privateRun(SuiteRunner.java:332)
at org.testng.SuiteRunner.run(SuiteRunner.java:276)
at org.testng.SuiteRunnerWorker.runSuite(SuiteRunnerWorker.java:53)
at org.testng.SuiteRunnerWorker.run(SuiteRunnerWorker.java:96)
at org.testng.TestNG.runSuitesSequentially(TestNG.java:1212)
at org.testng.TestNG.runSuitesLocally(TestNG.java:1134)
at org.testng.TestNG.runSuites(TestNG.java:1063)
at org.testng.TestNG.run(TestNG.java:1031)
at org.apache.maven.surefire.testng.TestNGExecutor.run(TestNGExecutor.java:77)
at org.apache.maven.surefire.testng.TestNGDirectoryTestSuite.executeMulti(TestNGDirectoryTestSuite.java:159)
at org.apache.maven.surefire.testng.TestNGDirectoryTestSuite.execute(TestNGDirectoryTestSuite.java:99)
at org.apache.maven.surefire.testng.TestNGProvider.invoke(TestNGProvider.java:106)
at sun.reflect.NativeMethodAccessorImpl.invoke0(Native Method)
at sun.reflect.NativeMethodAccessorImpl.invoke(NativeMethodAccessorImpl.java:62)
at sun.reflect.DelegatingMethodAccessorImpl.invoke(DelegatingMethodAccessorImpl.java:43)
at java.lang.reflect.Method.invoke(Method.java:498)
at org.apache.maven.surefire.util.ReflectionUtils.invokeMethodWithArray(ReflectionUtils.java:189)
at org.apache.maven.surefire.booter.ProviderFactory$ProviderProxy.invoke(ProviderFactory.java:165)
at org.apache.maven.surefire.booter.ProviderFactory.invokeProvider(ProviderFactory.java:85)
at org.apache.maven.surefire.booter.ForkedBooter.runSuitesInProcess(ForkedBooter.java:115)
at org.apache.maven.surefire.booter.ForkedBooter.main(ForkedBooter.java:75)
]]>
    </error>
  </testcase> <!-- before -->
  <system-out/>
  <testcase name="verifyProductInCart" time="0.000" classname="test.PlaceOrderTest">
    <skipped/>
  </testcase> <!-- verifyProductInCart -->
  <system-out/>
  <testcase name="orderTest" time="0.000" classname="test.PlaceOrderTest">
    <skipped/>
  </testcase> <!-- orderTest -->
  <system-out/>
</testsuite> <!-- test.PlaceOrderTest -->
